{"/home/peter/Desktop/librey-sysem/librarySystem/app.js": {"path":"/home/peter/Desktop/librey-sysem/librarySystem/app.js","statementMap":{"0":{"start":{"line":1,"column":16},"end":{"line":1,"column":34}},"1":{"start":{"line":2,"column":12},"end":{"line":2,"column":21}},"2":{"start":{"line":3,"column":17},"end":{"line":3,"column":36}},"3":{"start":{"line":5,"column":0},"end":{"line":5,"column":43}},"4":{"start":{"line":6,"column":13},"end":{"line":6,"column":28}},"5":{"start":{"line":7,"column":15},"end":{"line":7,"column":32}},"6":{"start":{"line":10,"column":19},"end":{"line":10,"column":59}},"7":{"start":{"line":12,"column":0},"end":{"line":12,"column":33}},"8":{"start":{"line":13,"column":0},"end":{"line":19,"column":65}},"9":{"start":{"line":15,"column":4},"end":{"line":15,"column":32}},"10":{"start":{"line":16,"column":4},"end":{"line":17,"column":80}},"11":{"start":{"line":17,"column":14},"end":{"line":17,"column":78}},"12":{"start":{"line":19,"column":21},"end":{"line":19,"column":64}},"13":{"start":{"line":24,"column":0},"end":{"line":24,"column":16}},"14":{"start":{"line":25,"column":0},"end":{"line":25,"column":23}},"15":{"start":{"line":27,"column":0},"end":{"line":27,"column":37}},"16":{"start":{"line":28,"column":0},"end":{"line":28,"column":58}},"17":{"start":{"line":31,"column":0},"end":{"line":31,"column":20}},"18":{"start":{"line":35,"column":0},"end":{"line":38,"column":2}},"19":{"start":{"line":36,"column":4},"end":{"line":37,"column":37}},"20":{"start":{"line":41,"column":0},"end":{"line":44,"column":2}},"21":{"start":{"line":42,"column":15},"end":{"line":42,"column":31}},"22":{"start":{"line":43,"column":4},"end":{"line":43,"column":46}},"23":{"start":{"line":46,"column":0},"end":{"line":46,"column":21}}},"fnMap":{"0":{"name":"(anonymous_0)","decl":{"start":{"line":14,"column":10},"end":{"line":14,"column":11}},"loc":{"start":{"line":14,"column":15},"end":{"line":18,"column":1}},"line":14},"1":{"name":"(anonymous_1)","decl":{"start":{"line":17,"column":8},"end":{"line":17,"column":9}},"loc":{"start":{"line":17,"column":14},"end":{"line":17,"column":78}},"line":17},"2":{"name":"(anonymous_2)","decl":{"start":{"line":19,"column":11},"end":{"line":19,"column":12}},"loc":{"start":{"line":19,"column":21},"end":{"line":19,"column":64}},"line":19},"3":{"name":"(anonymous_3)","decl":{"start":{"line":35,"column":8},"end":{"line":35,"column":9}},"loc":{"start":{"line":35,"column":24},"end":{"line":38,"column":1}},"line":35},"4":{"name":"(anonymous_4)","decl":{"start":{"line":41,"column":8},"end":{"line":41,"column":9}},"loc":{"start":{"line":41,"column":28},"end":{"line":44,"column":1}},"line":41}},"branchMap":{"0":{"loc":{"start":{"line":16,"column":15},"end":{"line":16,"column":38}},"type":"binary-expr","locations":[{"start":{"line":16,"column":15},"end":{"line":16,"column":31}},{"start":{"line":16,"column":34},"end":{"line":16,"column":38}}],"line":16},"1":{"loc":{"start":{"line":42,"column":15},"end":{"line":42,"column":31}},"type":"binary-expr","locations":[{"start":{"line":42,"column":15},"end":{"line":42,"column":25}},{"start":{"line":42,"column":28},"end":{"line":42,"column":31}}],"line":42}},"s":{"0":1,"1":1,"2":1,"3":1,"4":1,"5":1,"6":1,"7":1,"8":1,"9":1,"10":1,"11":0,"12":0,"13":1,"14":1,"15":1,"16":1,"17":1,"18":1,"19":0,"20":1,"21":0,"22":0,"23":1},"f":{"0":1,"1":0,"2":0,"3":0,"4":0},"b":{"0":[1,0],"1":[0,0]},"_coverageSchema":"1a1c01bbd47fc00a2c39e90264f33305004495a9","hash":"d7122f4b4a9941e4d389875d74c4729eaef3c6e5"}
}
